c:\users\lenovo\documents\visual studio 2013\projects\hge1\debug\hge1.bsc
c:\users\lenovo\documents\visual studio 2013\projects\hge1\hge1\debug\vc120.pdb
c:\users\lenovo\documents\visual studio 2013\projects\hge1\hge1\debug\vc120.idb
c:\users\lenovo\documents\visual studio 2013\projects\hge1\hge1\debug\dmgfont.obj
c:\users\lenovo\documents\visual studio 2013\projects\hge1\hge1\debug\enemy.obj
c:\users\lenovo\documents\visual studio 2013\projects\hge1\hge1\debug\fontpool.obj
c:\users\lenovo\documents\visual studio 2013\projects\hge1\hge1\debug\gameobject.obj
c:\users\lenovo\documents\visual studio 2013\projects\hge1\hge1\debug\gfxfont.obj
c:\users\lenovo\documents\visual studio 2013\projects\hge1\hge1\debug\hero.obj
c:\users\lenovo\documents\visual studio 2013\projects\hge1\hge1\debug\imageobject.obj
c:\users\lenovo\documents\visual studio 2013\projects\hge1\hge1\debug\item.obj
c:\users\lenovo\documents\visual studio 2013\projects\hge1\hge1\debug\main.obj
c:\users\lenovo\documents\visual studio 2013\projects\hge1\hge1\debug\objectpool.obj
c:\users\lenovo\documents\visual studio 2013\projects\hge1\hge1\debug\range.obj
c:\users\lenovo\documents\visual studio 2013\projects\hge1\hge1\debug\renderpool.obj
c:\users\lenovo\documents\visual studio 2013\projects\hge1\hge1\debug\scenemanager.obj
c:\users\lenovo\documents\visual studio 2013\projects\hge1\hge1\debug\skill.obj
c:\users\lenovo\documents\visual studio 2013\projects\hge1\hge1\debug\skills.obj
c:\users\lenovo\documents\visual studio 2013\projects\hge1\hge1\debug\skilltoken.obj
c:\users\lenovo\documents\visual studio 2013\projects\hge1\hge1\debug\superspeedball.obj
c:\users\lenovo\documents\visual studio 2013\projects\hge1\hge1\debug\trickball.obj
c:\users\lenovo\documents\visual studio 2013\projects\hge1\hge1\debug\virtualobject.obj
c:\users\lenovo\documents\visual studio 2013\projects\hge1\hge1\debug\virtualskill.obj
c:\users\lenovo\documents\visual studio 2013\projects\hge1\hge1\debug\action.obj
c:\users\lenovo\documents\visual studio 2013\projects\hge1\hge1\debug\animobject.obj
c:\users\lenovo\documents\visual studio 2013\projects\hge1\hge1\debug\bar.obj
c:\users\lenovo\documents\visual studio 2013\projects\hge1\hge1\debug\boss.obj
c:\users\lenovo\documents\visual studio 2013\projects\hge1\hge1\debug\bullet.obj
c:\users\lenovo\documents\visual studio 2013\projects\hge1\hge1\debug\animobject.sbr
c:\users\lenovo\documents\visual studio 2013\projects\hge1\hge1\debug\bullet.sbr
c:\users\lenovo\documents\visual studio 2013\projects\hge1\hge1\debug\enemy.sbr
c:\users\lenovo\documents\visual studio 2013\projects\hge1\hge1\debug\gameobject.sbr
c:\users\lenovo\documents\visual studio 2013\projects\hge1\hge1\debug\hero.sbr
c:\users\lenovo\documents\visual studio 2013\projects\hge1\hge1\debug\main.sbr
c:\users\lenovo\documents\visual studio 2013\projects\hge1\hge1\debug\objectpool.sbr
c:\users\lenovo\documents\visual studio 2013\projects\hge1\hge1\debug\renderpool.sbr
c:\users\lenovo\documents\visual studio 2013\projects\hge1\hge1\debug\skills.sbr
c:\users\lenovo\documents\visual studio 2013\projects\hge1\hge1\debug\superspeedball.sbr
c:\users\lenovo\documents\visual studio 2013\projects\hge1\hge1\debug\trickball.sbr
c:\users\lenovo\documents\visual studio 2013\projects\hge1\hge1\debug\button.obj
c:\users\lenovo\documents\visual studio 2013\projects\hge1\hge1\debug\shield.obj
c:\users\lenovo\documents\visual studio 2013\projects\hge1\hge1\debug\boss.sbr
c:\users\lenovo\documents\visual studio 2013\projects\hge1\hge1\debug\floatingobject.obj
c:\users\lenovo\documents\visual studio 2013\projects\hge1\hge1\debug\sfxmanager.obj
c:\users\lenovo\documents\visual studio 2013\projects\hge1\hge1\debug\sfxobject.obj
c:\users\lenovo\documents\visual studio 2013\projects\hge1\hge1\debug\mask.obj
c:\users\lenovo\documents\visual studio 2013\projects\hge1\hge1\debug\zoomobject.obj
c:\users\lenovo\documents\visual studio 2013\projects\hge1\hge1\debug\zoomobject.sbr
c:\users\lenovo\documents\visual studio 2013\projects\hge1\hge1\debug\virtualskill.sbr
c:\users\lenovo\documents\visual studio 2013\projects\hge1\hge1\debug\shield.sbr
c:\users\lenovo\documents\visual studio 2013\projects\hge1\hge1\debug\scenemanager.sbr
c:\users\lenovo\documents\visual studio 2013\projects\hge1\hge1\debug\skilltoken.sbr
c:\users\lenovo\documents\visual studio 2013\projects\hge1\hge1\debug\skill.sbr
c:\users\lenovo\documents\visual studio 2013\projects\hge1\hge1\debug\range.sbr
c:\users\lenovo\documents\visual studio 2013\projects\hge1\hge1\debug\item.sbr
c:\users\lenovo\documents\visual studio 2013\projects\hge1\hge1\debug\floatingobject.sbr
c:\users\lenovo\documents\visual studio 2013\projects\hge1\hge1\debug\button.sbr
c:\users\lenovo\documents\visual studio 2013\projects\hge1\hge1\debug\bar.sbr
c:\users\lenovo\documents\visual studio 2013\projects\hge1\hge1\debug\virtualobject.sbr
c:\users\lenovo\documents\visual studio 2013\projects\hge1\hge1\debug\sfxobject.sbr
c:\users\lenovo\documents\visual studio 2013\projects\hge1\hge1\debug\sfxmanager.sbr
c:\users\lenovo\documents\visual studio 2013\projects\hge1\hge1\debug\mask.sbr
c:\users\lenovo\documents\visual studio 2013\projects\hge1\hge1\debug\imageobject.sbr
c:\users\lenovo\documents\visual studio 2013\projects\hge1\hge1\debug\gfxfont.sbr
c:\users\lenovo\documents\visual studio 2013\projects\hge1\hge1\debug\fontpool.sbr
c:\users\lenovo\documents\visual studio 2013\projects\hge1\hge1\debug\dmgfont.sbr
c:\users\lenovo\documents\visual studio 2013\projects\hge1\hge1\debug\action.sbr
c:\users\lenovo\documents\visual studio 2013\projects\hge1\hge1\debug\mine.sbr
c:\users\lenovo\documents\visual studio 2013\projects\hge1\hge1\debug\mine.obj
c:\users\lenovo\documents\visual studio 2013\projects\hge1\debug\hge1.ilk
c:\users\lenovo\documents\visual studio 2013\projects\hge1\debug\hge1.exe
c:\users\lenovo\documents\visual studio 2013\projects\hge1\debug\hge1.pdb
c:\users\lenovo\documents\visual studio 2013\projects\hge1\hge1\debug\hge1.tlog\bscmake.command.1.tlog
c:\users\lenovo\documents\visual studio 2013\projects\hge1\hge1\debug\hge1.tlog\bscmake.read.1.tlog
c:\users\lenovo\documents\visual studio 2013\projects\hge1\hge1\debug\hge1.tlog\bscmake.write.1.tlog
c:\users\lenovo\documents\visual studio 2013\projects\hge1\hge1\debug\hge1.tlog\cl.command.1.tlog
c:\users\lenovo\documents\visual studio 2013\projects\hge1\hge1\debug\hge1.tlog\cl.read.1.tlog
c:\users\lenovo\documents\visual studio 2013\projects\hge1\hge1\debug\hge1.tlog\cl.write.1.tlog
c:\users\lenovo\documents\visual studio 2013\projects\hge1\hge1\debug\hge1.tlog\link.command.1.tlog
c:\users\lenovo\documents\visual studio 2013\projects\hge1\hge1\debug\hge1.tlog\link.read.1.tlog
c:\users\lenovo\documents\visual studio 2013\projects\hge1\hge1\debug\hge1.tlog\link.write.1.tlog
