c:\users\lenovo\documents\visual studio 2013\projects\hge1\release\hge1.bsc
c:\users\lenovo\documents\visual studio 2013\projects\hge1\hge1\release\vc120.pdb
c:\users\lenovo\documents\visual studio 2013\projects\hge1\hge1\release\action.sbr
c:\users\lenovo\documents\visual studio 2013\projects\hge1\hge1\release\animobject.sbr
c:\users\lenovo\documents\visual studio 2013\projects\hge1\hge1\release\bar.sbr
c:\users\lenovo\documents\visual studio 2013\projects\hge1\hge1\release\boss.sbr
c:\users\lenovo\documents\visual studio 2013\projects\hge1\hge1\release\bullet.sbr
c:\users\lenovo\documents\visual studio 2013\projects\hge1\hge1\release\dmgfont.sbr
c:\users\lenovo\documents\visual studio 2013\projects\hge1\hge1\release\enemy.sbr
c:\users\lenovo\documents\visual studio 2013\projects\hge1\hge1\release\fontpool.sbr
c:\users\lenovo\documents\visual studio 2013\projects\hge1\hge1\release\gameobject.sbr
c:\users\lenovo\documents\visual studio 2013\projects\hge1\hge1\release\gfxfont.sbr
c:\users\lenovo\documents\visual studio 2013\projects\hge1\hge1\release\hero.sbr
c:\users\lenovo\documents\visual studio 2013\projects\hge1\hge1\release\imageobject.sbr
c:\users\lenovo\documents\visual studio 2013\projects\hge1\hge1\release\impact.sbr
c:\users\lenovo\documents\visual studio 2013\projects\hge1\hge1\release\item.sbr
c:\users\lenovo\documents\visual studio 2013\projects\hge1\hge1\release\main.sbr
c:\users\lenovo\documents\visual studio 2013\projects\hge1\hge1\release\objectpool.sbr
c:\users\lenovo\documents\visual studio 2013\projects\hge1\hge1\release\range.sbr
c:\users\lenovo\documents\visual studio 2013\projects\hge1\hge1\release\renderpool.sbr
c:\users\lenovo\documents\visual studio 2013\projects\hge1\hge1\release\skill.sbr
c:\users\lenovo\documents\visual studio 2013\projects\hge1\hge1\release\superbomb.sbr
c:\users\lenovo\documents\visual studio 2013\projects\hge1\hge1\release\superbomb.obj
c:\users\lenovo\documents\visual studio 2013\projects\hge1\hge1\release\skill.obj
c:\users\lenovo\documents\visual studio 2013\projects\hge1\hge1\release\renderpool.obj
c:\users\lenovo\documents\visual studio 2013\projects\hge1\hge1\release\range.obj
c:\users\lenovo\documents\visual studio 2013\projects\hge1\hge1\release\objectpool.obj
c:\users\lenovo\documents\visual studio 2013\projects\hge1\hge1\release\main.obj
c:\users\lenovo\documents\visual studio 2013\projects\hge1\hge1\release\item.obj
c:\users\lenovo\documents\visual studio 2013\projects\hge1\hge1\release\impact.obj
c:\users\lenovo\documents\visual studio 2013\projects\hge1\hge1\release\imageobject.obj
c:\users\lenovo\documents\visual studio 2013\projects\hge1\hge1\release\hero.obj
c:\users\lenovo\documents\visual studio 2013\projects\hge1\hge1\release\gfxfont.obj
c:\users\lenovo\documents\visual studio 2013\projects\hge1\hge1\release\gameobject.obj
c:\users\lenovo\documents\visual studio 2013\projects\hge1\hge1\release\fontpool.obj
c:\users\lenovo\documents\visual studio 2013\projects\hge1\hge1\release\enemy.obj
c:\users\lenovo\documents\visual studio 2013\projects\hge1\hge1\release\dmgfont.obj
c:\users\lenovo\documents\visual studio 2013\projects\hge1\hge1\release\bullet.obj
c:\users\lenovo\documents\visual studio 2013\projects\hge1\hge1\release\boss.obj
c:\users\lenovo\documents\visual studio 2013\projects\hge1\hge1\release\bar.obj
c:\users\lenovo\documents\visual studio 2013\projects\hge1\hge1\release\animobject.obj
c:\users\lenovo\documents\visual studio 2013\projects\hge1\hge1\release\action.obj
c:\users\lenovo\documents\visual studio 2013\projects\hge1\hge1\release\superspeedball.sbr
c:\users\lenovo\documents\visual studio 2013\projects\hge1\hge1\release\trickball.sbr
c:\users\lenovo\documents\visual studio 2013\projects\hge1\hge1\release\virtualobject.sbr
c:\users\lenovo\documents\visual studio 2013\projects\hge1\hge1\release\sowrd.sbr
c:\users\lenovo\documents\visual studio 2013\projects\hge1\hge1\release\virtualskill.sbr
c:\users\lenovo\documents\visual studio 2013\projects\hge1\hge1\release\virtualskill.obj
c:\users\lenovo\documents\visual studio 2013\projects\hge1\hge1\release\sowrd.obj
c:\users\lenovo\documents\visual studio 2013\projects\hge1\hge1\release\virtualobject.obj
c:\users\lenovo\documents\visual studio 2013\projects\hge1\hge1\release\trickball.obj
c:\users\lenovo\documents\visual studio 2013\projects\hge1\hge1\release\superspeedball.obj
c:\users\lenovo\documents\visual studio 2013\projects\hge1\release\hge1.exe
c:\users\lenovo\documents\visual studio 2013\projects\hge1\release\hge1.pdb
c:\users\lenovo\documents\visual studio 2013\projects\hge1\hge1\release\hge1.tlog\bscmake.command.1.tlog
c:\users\lenovo\documents\visual studio 2013\projects\hge1\hge1\release\hge1.tlog\bscmake.read.1.tlog
c:\users\lenovo\documents\visual studio 2013\projects\hge1\hge1\release\hge1.tlog\bscmake.write.1.tlog
c:\users\lenovo\documents\visual studio 2013\projects\hge1\hge1\release\hge1.tlog\cl.command.1.tlog
c:\users\lenovo\documents\visual studio 2013\projects\hge1\hge1\release\hge1.tlog\cl.read.1.tlog
c:\users\lenovo\documents\visual studio 2013\projects\hge1\hge1\release\hge1.tlog\cl.write.1.tlog
c:\users\lenovo\documents\visual studio 2013\projects\hge1\hge1\release\hge1.tlog\link.command.1.tlog
c:\users\lenovo\documents\visual studio 2013\projects\hge1\hge1\release\hge1.tlog\link.read.1.tlog
c:\users\lenovo\documents\visual studio 2013\projects\hge1\hge1\release\hge1.tlog\link.write.1.tlog
